37
FuchsiaXv6
SundarL SundarA
GameProv6
LarryO SusanQ SergeyT
AndroidTVMaxv5
PrabhakarR SundarP PhilippK
CastOSProv6
BakhodirD
ReleaseUltrav1
ClementT BakhodirD
GameLitev8
PhilippP PhilippK MatasW SergeyN
ClassroomMaxv2
TatiyanaC SusanQ
GlassOSLitev9
ClementT BakhodirG SundarA PhilippK PrabhakarR PhilippH
DuoZv2
PhilippY SundarP FionaF
MapsProv8
HiroshiW SergeyT BakhodirD
WebserverProv6
PhilippP
ChromeOSLitev3
PhilippP HiroshiW PhilippY
SmartSv2
FionaF BakhodirW PhilippK BenjaminT FionaN
StreamXv6
BenjaminO JenK SergeyN ClementM ClementT
BuildMaxv1
MichalB RuthX NellyY BakhodirG SergeyV
MarsLitev5
BakhodirD TatiyanaC
SmartLitev9
JenZ ThomasK PhilippP
DuoZv4
ThomasK SundarP BakhodirD ClementT PhilippK RuthX ThomasM
MarsUltrav8
PhilippI SergeyU SusanQ PhilippP SergeyT BenjaminT RuthX BakhodirG MatasW
DocsNextv2
SundarP JenK ClementL
ShortsNextv7
FionaF PhilippY PrabhakarR
MarsXv1
PrabhakarR ClementT MichalB MatasH
FeedBurnerMaxv3
TatiyanaC LarryO
DaydreamLitev7
BenjaminO
ExploreUltrav8
BakhodirD ClementM SundarL PrabhakarR ClementT SusanQ ClementE
StreetViewXv1
TatiyanaC JenK FionaF
ChromeNextv7
SundarL BakhodirD PhilippY
ConnectLitev9
SundarA
GameProv3
PhilippY
ResearchXv8
SundarP ClementM BenjaminO JenK ClementE
SitesSv1
SergeyU ClementL
AndroidAutoZv2
PhilippH JenK PhilippI BakhodirD SergeyU
StreetViewProv9
SundarA MatasC ClementE MatasW JenK PhilippK NellyY LarryO
WearOSLitev5
NellyY BakhodirD TatiyanaC JenK PhilippI
ShoppingProv8
FionaN PhilippI
StreamXv9
LarryO
SlidesNextv2
JenZ PhilippH
