217
LearnNextv9
c288 c918 c1308 c297 c440 c1087 c1491 c1477 c966 c770 c693 c194 c1359 c27 c268 c210 c391 c462 c192 c370 c676 c212 c1434 c1436 c1220 c1126 c1162 c141 c55 c854 c860 c674 c461 c1001 c891 c238 c1228 c559 c456 c1150 c249 c204 c1155 c1066 c1034 c1451
DuoProv6
c1212 c635 c51 c1389 c748 c936 c1404 c638 c1398 c1486 c1048 c987 c354 c991 c20 c644 c1396 c128 c524 c177 c941 c1447
BooksUltrav6
c801 c244 c657 c802 c213 c239 c469 c1017 c441 c702 c109 c684 c980 c348 c508 c493 c1497 c787 c458 c920 c472 c226 c117 c65 c346 c1312 c49 c806 c792 c297 c407 c906 c839 c994 c68 c334 c1162 c921 c755 c114 c850 c1259 c477 c780 c1108 c1411 c179 c927 c935 c798 c1129 c1006 c555 c729 c1039 c594
ScholarUltrav8
c900 c1475 c325 c906 c222 c240 c892 c920 c1361 c298 c1377 c157 c810 c1020 c477 c1026 c1155 c1290 c273 c747 c251 c1343 c1482
AndroidUltrav5
c12 c1453 c347 c340 c1196 c977 c740 c438 c555 c970 c1058 c189 c200 c1298 c1060 c239 c1235 c1302 c76 c933 c515 c1088 c744 c551 c732 c309 c163 c669 c1244 c411
SheetsZv6
c838 c199 c262 c440 c635 c340 c587 c839 c551 c1381 c1301 c1218 c1217 c309 c524 c1384 c190 c669 c977 c1214 c679 c1062 c1236 c109 c774 c787 c0 c899 c163 c397 c170 c97 c702 c1350 c54
ShoppingUltrav1
c1488 c941 c754 c244 c1137 c1009 c24 c1050 c1321 c1056 c594 c1068 c1462 c158 c552 c522 c139 c334 c684 c52 c250 c582 c65 c1188 c794 c1219 c394 c1088 c995 c669 c1359 c1071 c976 c100 c589 c16 c551 c222 c383 c891 c608 c1454 c657 c397 c1426 c1197 c47 c477 c274
ChartsLitev1
c1020 c935 c203 c128 c23 c490 c76 c1197 c222 c1358 c124 c911 c1302 c193 c391 c1235 c896 c397 c1056 c1236 c731
WearOSMaxv2
c1193 c668 c1108 c1442 c1323 c1359 c796 c937 c160 c75 c571 c421 c829 c317 c1296 c1293 c702 c894 c858 c980 c1077 c823 c1002 c906 c1213 c1088 c1375 c537 c1396 c1259 c81 c1176 c16 c1474 c130 c780 c144 c732 c109 c179 c1398 c397 c775 c430 c350 c424 c132 c7 c1362 c960 c953 c1133 c469 c125 c247 c1292 c1381 c559
ClassroomProv8
c281 c1056 c316 c653 c597 c1214 c508 c1066 c1232 c1336 c163 c867 c227 c744 c244 c870 c1070 c901 c374 c160 c1128 c1167
KeepXv8
c535 c71 c221 c382 c684 c906 c350 c383 c515 c987 c559 c899 c1293 c1301 c117 c976 c358 c732 c551 c606 c1219 c718 c643 c256 c810 c1009 c160 c900 c441 c209 c637 c914 c189 c193 c274 c994 c970 c1049 c16 c1359 c411 c1221 c1466
WebserverZv3
c1347 c397 c838 c297 c1082 c808 c997 c925 c988 c383 c1088 c1337 c629 c1308 c980 c948 c88 c732 c1266 c216 c242 c795 c676 c667 c1231 c60 c61 c1027 c729 c687 c727 c1352 c822 c748 c866 c1106 c1030 c1323 c1433 c260 c368 c639 c150 c7 c24
ReleaseUltrav2
c1182 c853 c1358 c1446 c1488 c1111 c326 c1453 c948 c124 c1345 c519 c572 c173 c664 c430 c641 c937 c302 c1456 c212 c1426 c1410 c924 c935
AndroidAutoUltrav7
c210 c363 c1108 c1025 c75 c448 c49 c316 c1296 c759 c740 c467 c1178 c1293 c528 c430 c1474 c71 c81 c1016 c1058 c590 c1451 c684 c1148 c935 c280 c727 c286 c1137 c124 c1351 c580 c667 c60 c501 c1056 c1314 c1030 c1188 c622 c597 c407 c1199 c79 c1020 c901 c297
VoiceLitev9
c227 c559 c424 c709 c771 c1427 c290 c1175 c409 c1436 c75 c190 c333 c1235 c0 c1344 c1321 c1439 c1435 c980 c136 c316 c461 c639 c1066 c160 c798 c1088 c1438 c552
AlertsLitev8
c1323 c921 c639 c1301 c1215 c1405 c913 c75 c160 c1319 c430 c222 c244 c1375 c71 c1068 c1480 c638 c551 c400 c1381 c508 c334 c1358 c81 c586 c1486 c1030 c125 c914 c262 c124 c924 c732 c98 c91 c350 c216 c1128 c1020 c935 c1086 c462 c1085 c1219 c1384 c794 c1415 c1193 c47 c466 c1347 c383 c397 c616
KeepNextv5
c532 c710 c416 c129 c966 c858 c1321 c356 c1335 c755 c706 c897 c637 c592 c749 c1398 c1347 c430 c944 c631 c1439 c163 c1441 c1218 c908 c1381 c125 c376 c574 c551 c783 c427 c407
DuoXv4
c844 c1088 c744 c984 c1308 c260 c1026 c537 c477 c858 c1436 c451 c987 c288 c570 c373 c1086 c1301 c900 c51 c1398 c24 c963 c903 c523 c126 c391 c192 c966 c52 c823 c552 c740 c210 c920 c1133 c775 c836
TranslateSv8
c1253 c380 c1176 c157 c737 c582 c1201 c494 c1084 c172 c0 c593 c313 c735 c922 c3 c1070 c848 c637 c447 c906 c236 c976 c891 c1132 c852 c644 c433 c572 c297 c1 c1050 c835 c641 c573 c1129 c1312 c258 c499 c755
VoiceProv4
c1396 c794 c385 c47 c297 c1059 c589 c1313 c314 c309 c531 c807 c63 c1381 c756 c593 c12 c106 c572 c1486 c927 c1389 c16 c1364 c1337 c1096 c1148 c147 c226 c937 c635 c675 c242 c960 c612
TravelUltrav7
c1073 c407 c587 c25 c1281 c584 c347 c288 c980 c1057 c620 c927 c960 c644 c641 c713 c1194 c1437 c1125 c669 c1129 c731 c12 c811 c707 c366 c16 c1142 c1462 c263 c236 c515 c749 c1452 c1477 c1084 c1362 c913 c953 c54 c1138 c301 c1453 c106 c1178 c109 c1471 c1312 c829 c1347 c47 c629 c172 c308 c1153 c284 c1417
CodeNextv2
c579 c1292 c236 c658 c319 c46 c913 c383 c827 c880 c523 c1241 c989 c732 c1006 c630 c239 c389 c112 c49 c1153 c1067 c189 c1232
SearchUltrav1
c774 c666 c795 c1067 c196 c425 c975 c526 c607 c1032 c1017 c873 c832 c593 c376 c113 c1368 c40 c798 c16 c518 c216 c688
PhoneUltrav7
c412 c566 c475 c1231 c1398 c3 c836 c1193 c653 c662 c1292 c302 c1236 c1335 c658 c1281 c40 c980 c1050 c1339 c38 c97 c1137 c894 c297 c845 c512 c71 c872 c24 c861 c1323 c213 c763 c397 c177 c1441 c430 c880 c109 c1462
MarsNextv7
c1059 c491 c1216 c132 c344 c1333 c417 c688 c739 c777 c236 c1441 c131 c1079 c40 c443 c1437 c1425 c94 c369 c571 c996 c1445 c288 c310 c430 c853
WebserverUltrav9
c593 c597 c407 c579 c1349 c1266 c1048 c1319 c24 c822 c1216 c1390 c1027 c1499 c524 c106 c896 c316 c1176 c683 c669 c667 c424 c475 c1259 c412 c1175 c1219 c49 c109 c747 c340 c348 c946 c1162 c494 c1301 c674 c505 c443 c310 c354 c894 c409 c1323 c313 c288 c433 c360 c933 c63 c1066 c861
DreamUltrav3
c190 c12 c1225 c852 c675 c861 c24 c178 c1088 c1128 c20 c334 c868 c1320 c960 c990 c1477 c518 c640 c1024 c1479 c21 c1011 c100 c1009 c250 c385 c103 c453 c165 c1253 c417 c1210 c619 c1424 c1322 c935 c688 c214 c438 c746 c1341 c687 c1057 c657 c797 c1183 c1230 c1425 c1364
KeepMaxv1
c946 c523 c157 c1445 c426 c1386 c385 c578 c631 c336 c1123 c761 c266 c1426 c1076 c1424 c483 c864 c737 c16 c438 c1194 c1216 c537 c1463 c431 c242 c79 c566 c59 c170 c997 c980 c1049 c1281 c632 c935 c373 c458 c163
ResearchProv1
c1067 c731 c239 c1235 c179 c777 c529 c522 c1070 c1335 c579 c199 c633 c1347 c603 c688 c1216 c317 c967 c290 c582 c953 c421 c7 c226 c284
SlidesUltrav6
c348 c100 c1195 c568 c1338 c376 c158 c1296 c1135 c16 c1194 c1321 c443 c1235 c1214 c3 c679 c1347 c771 c1047 c173 c524 c226 c333 c537 c1216 c1082 c1372 c1261 c1 c836 c912 c829 c83 c20 c458 c1111 c566 c1452 c244 c1486 c262 c1149 c286 c431
PhoneUltrav9
c1395 c1 c1076 c1396 c977 c683 c494 c260 c571 c163 c352 c953 c742 c536 c333 c991 c551 c47 c168 c747 c559 c935 c319 c749 c941 c758 c236 c643 c401 c535 c1145 c109
ShortsSv9
c836 c566 c734 c430 c927 c1442 c780 c794 c679 c226 c1452 c580 c1225 c1253 c806 c1469 c501 c622 c1441 c702 c348 c810 c71 c940 c618 c707 c894 c911 c1162 c1115 c297 c729 c210 c302 c433 c236 c431 c1059 c632 c52 c1199 c777 c190 c1485 c459 c380 c63 c802 c1 c737 c731 c935 c1266 c980 c227 c505
WebserverZv2
c141 c801 c1347 c69 c458 c635 c1133 c16 c687 c1298 c526 c114 c71 c1335 c1364 c874 c258 c679 c1188 c125 c965 c226 c47 c991 c49 c368 c1296 c1180 c901 c1344 c1024 c1214 c1389
ScholarMaxv3
c1012 c1335 c448 c1282 c288 c257 c505 c1320 c1280 c1426 c596 c1197 c630 c592 c139 c866 c1166 c103 c250 c960 c882 c735 c739 c675 c1071 c953 c1483 c42 c1060 c242 c468 c1420 c1435 c1482 c1274 c820 c1027 c516 c194 c372 c588 c263 c115 c594 c595 c1148 c600 c764 c832 c1159 c906
ImagesNextv7
c287 c355 c1036 c131 c493 c1286 c1230 c216 c385 c1486 c571 c1313 c1009 c951 c1396 c1420 c338 c1190 c21 c1115 c1274 c383 c557 c882 c716 c570 c1282 c356 c165 c380 c451 c712 c526 c116 c211 c1406 c344 c946 c1032 c194 c551 c541 c588 c117 c290 c1195 c1459 c1371 c343 c47 c866 c691 c1073 c1484 c1027 c991 c960
PatentsMaxv8
c1470 c239 c1119 c569 c236 c1425 c838 c547 c1244 c640 c870 c666 c1396 c552 c1320 c1183 c356 c1108 c798 c163 c12 c297 c1371 c1282 c244 c594 c496 c42
DataMaxv3
c138 c948 c976 c312 c585 c853 c992 c732 c54 c1074 c124 c1358 c245 c354 c1129 c221 c551 c969 c389 c1098 c833 c1250 c188 c709 c137 c1131 c906
SmartZv3
c256 c913 c226 c815 c732 c756 c179 c971 c1458 c263 c882 c969 c1280 c281 c1060 c1132 c1197 c65 c344 c1406 c12 c397 c1017 c369 c706 c709 c944 c117 c946 c313 c1477 c103 c937 c1317 c1420 c1012 c603 c976 c100 c341 c16 c953
GameMaxv5
c531 c1358 c89 c618 c561 c1145 c1342 c1246 c478 c526 c159 c1039 c1 c16 c143 c376 c639 c229 c1057 c458 c1223 c935 c771 c1004 c245 c345 c1382 c1281 c666 c1348 c588 c1297 c347 c189 c505 c116
CurrentsUltrav6
c912 c108 c1494 c629 c1384 c263 c652 c1364 c68 c1270 c783 c493 c811 c843 c987 c116 c1281 c873 c1021 c117 c906 c440 c1208 c141 c618 c251 c390 c159 c531 c763 c403 c303 c38 c195 c44 c526 c1418 c827 c321 c659 c1034 c518 c1145 c587 c573 c272 c16 c1133 c1363 c245 c1079 c930
WebserverMaxv3
c230 c771 c935 c1098 c1016 c1337 c526 c1230 c675 c1474 c1133 c912 c911 c1030 c397 c19 c256 c65 c238 c1484 c463 c906 c1232 c1498 c651 c1074 c722 c594 c67 c1082 c1157
AndroidMaxv2
c807 c1106 c1354 c941 c765 c752 c976 c374 c93 c1382 c468 c1442 c367 c861 c1137 c116 c827 c975 c532 c120 c594 c1183 c1333 c1057 c713 c9 c220 c16 c328 c442 c641 c1246 c528 c746 c1180 c17 c584 c1133 c1200 c414
TranslateXv6
c659 c1446 c1111 c461 c245 c25 c74 c1384 c927 c1036 c1287 c253 c758 c1424 c595 c1474 c906 c1418 c341 c1074
FinanceMaxv3
c168 c844 c518 c1241 c1338 c1456 c490 c1281 c601 c1358 c1020 c1027 c7 c1353 c574 c1440 c826 c21 c10 c242 c508 c128
LearnNextv3
c1149 c1011 c1009 c731 c153 c308 c935 c118 c926 c9 c1020 c1338 c1457 c1263 c636 c925 c739 c250 c502 c1382 c34 c1097 c779 c441 c594 c620 c1441 c977 c771 c355 c757 c409 c727 c1393
CastOSUltrav6
c528 c1281 c221 c1197 c735 c1189 c657 c1306 c116 c1235 c1211 c518 c519 c1478 c993 c21 c853 c516 c651 c885 c1320 c552 c284 c409 c767 c499 c827 c1208 c719 c1362 c1381 c675 c1287 c117
SantaTrackerLitev5
c1315 c1117 c391 c786 c252 c906 c246 c1230 c1453 c1141 c294 c1071 c526 c1129 c491 c250 c660 c394 c1494 c387 c1030 c1287 c790 c573 c1393 c429 c1009 c1407 c229 c840 c748 c195 c1057 c1382 c338 c1178 c1423 c1039 c1454 c1197 c771 c409 c1195 c1202 c1111
SmartLitev2
c1317 c503 c317 c655 c411 c1234 c612 c1147 c720 c757 c1024 c1157 c1205 c1287 c132 c691 c981 c935 c0 c1210 c1030 c456 c1150 c836 c1064 c1293
ArtsSv6
c211 c748 c493 c885 c1333 c927 c103 c1341 c739 c326 c588 c1441 c74 c727 c937 c1411 c1423 c1471 c1095 c1105 c1088 c419 c1378 c1030 c332 c926 c8 c836 c363 c1000 c935 c1137 c821 c868 c448 c1358
ChromecastNextv4
c1212 c1379 c1382 c1332 c1422 c1353 c1036 c506 c1064 c144 c873 c362 c600 c1300 c695 c1335 c1434 c312 c1021 c1298 c746 c922 c756 c1441 c752 c1097 c503 c689 c1198 c1168 c367 c581 c1312 c929 c1407 c442 c853 c585 c2 c25 c116 c1232 c105 c389 c1183 c766 c754 c78 c321 c216 c171 c1225 c923 c438 c861 c1141 c808 c461 c1259
DataSv2
c1030 c541 c195 c1118 c1011 c483 c855 c1342 c1138 c1268 c843 c188 c792 c990 c1473 c582 c116 c1380 c1197 c1328 c925 c1400 c1330 c281 c1231 c923 c808 c1353 c1129 c844 c187 c1391 c884 c63 c1370 c1410 c1096 c1484 c228 c1434 c573 c227 c1381 c1061 c1099 c200 c1299 c885 c1024 c581 c190 c757 c38 c321 c40 c1010
SlidesMaxv6
c588 c1160 c287 c840 c321 c1060 c250 c1169 c555 c1433 c233 c1250 c1132 c1036 c1016 c1335 c906 c389 c1464 c387 c96 c409 c103 c864 c882 c915 c298 c723 c73 c1112 c941 c1212 c272 c872 c1240 c873 c214 c353 c583 c396 c766 c1338 c1442 c744 c442 c1333 c452 c582 c317 c741 c1168 c710 c611 c474 c432 c1381 c1197 c989
GlassOSNextv9
c685 c1437 c1356 c813 c1176 c483 c576 c741 c538 c619 c821 c1408 c238 c282 c1048 c299 c1435 c1440 c992 c674 c1450 c1456 c1181 c1412 c988 c1177 c263 c1348 c1399 c794 c405 c745 c303 c479 c776 c594
GlassOSZv2
c1384 c606 c1493 c687 c690 c1263 c1089 c600 c1108 c559 c998 c789 c405 c342 c698 c604 c881 c283 c1029 c1174 c122 c705 c711 c1170
ConnectUltrav5
c743 c1181 c518 c1176 c937 c746 c1091 c990 c1021 c1039 c337 c1337 c1348 c519 c139 c1269 c862 c1240 c1335 c996 c838 c6 c1396 c250 c40 c369 c789 c776 c906 c596
GroupsProv2
c10 c355 c429 c474 c1119 c528 c696 c932 c1258 c872 c405 c838 c125 c767 c832 c22 c378 c249 c1425 c928 c930 c744 c962 c139 c278 c852 c1395 c464 c421 c316 c481 c1197 c543 c1080 c47 c1372 c1139 c1430 c1439 c483 c955 c1380 c514 c468 c1392 c334 c1045 c585 c1074 c786
SkyUltrav9
c933 c1131 c1001 c1452 c786 c18 c116 c837 c645 c1154 c1329 c1425 c1197 c323 c1158 c1168 c367 c1084 c410 c87 c1133 c60
SkyUltrav1
c531 c188 c943 c1011 c691 c1409 c126 c913 c1084 c947 c872 c987 c308 c387 c298 c412 c705 c610 c838 c876 c366 c574 c1034 c606 c355 c718
SlidesXv7
c888 c132 c1328 c943 c764 c229 c1363 c249 c1358 c416 c776 c1047 c378 c1399 c636 c1225 c125 c331 c298 c250 c569 c1149 c581 c901 c860 c743 c587 c989 c542 c1084 c1097 c1177 c1408 c10 c562 c1197 c1027 c962 c815 c1160 c406 c283 c287 c1261 c1286 c1021 c1456 c591 c1356 c1111 c756 c305 c1004 c452
FormsProv2
c775 c444 c532 c842 c474 c1168 c1409 c818 c794 c1404 c686 c31 c349 c909 c281 c537 c12 c60 c18 c101 c1380 c1428
DatasetSearchUltrav4
c405 c1109 c1071 c802 c486 c627 c1091 c474 c321 c529 c1468 c707 c334 c1216 c1029 c738 c528 c648 c858 c1036 c1024 c206 c229 c545 c319 c423 c810 c1425 c1004 c786 c47 c992 c421 c283 c999 c842 c414 c211 c261
ShoppingProv1
c60 c464 c474 c813 c838 c814 c283 c1281 c1234 c438 c514 c1045 c889 c811 c1368 c496 c195 c1210 c132 c1042 c261 c800 c1392 c1231 c1243 c818 c1187 c606 c1108 c429 c835 c468 c1381 c1176 c708 c93 c369 c1452 c114 c483 c1424 c596 c797 c287 c298 c63 c1222 c1084 c416 c113 c34 c1421
DrawingsUltrav1
c821 c746 c906 c1363 c786 c116 c321 c638 c838 c796 c594 c1355 c63 c1024 c0 c1224 c503 c850 c811 c955 c6 c1332 c876 c531 c1197
BloggerLitev6
c690 c474 c1102 c441 c206 c723 c1030 c1075 c889 c126 c1018 c1497 c156 c832 c162 c67 c269 c531 c1045 c1074 c1071 c969 c1455 c1241 c685 c362
DaydreamProv6
c107 c82 c832 c978 c65 c374 c1127 c300 c1171 c395 c960 c284 c811 c263 c1467 c1207 c1486 c720 c116 c663 c990 c686 c842 c768 c1265 c994 c171 c1150 c1328 c679 c246 c249 c1345 c1302 c912 c1397 c1009 c645 c847 c103 c985 c43 c1251 c1420 c319 c1246 c932 c210 c280 c805 c1304 c521 c429 c898 c69 c1334 c63 c640
SitesMaxv7
c741 c1022 c737 c1483 c410 c893 c1282 c217 c1108 c511 c445 c470 c1130 c1192 c1200 c775 c94 c2 c1304 c1392 c760 c919 c539 c527 c687 c1194 c1209 c284 c1071 c115 c1492 c1238 c719 c58 c1186 c237 c878 c811 c1440 c717 c300 c1453 c499 c686 c912 c681 c1127 c627 c1273 c158 c783 c51 c670 c1260 c16 c178
SantaTrackerSv6
c802 c1071 c789 c1035 c584 c305 c729 c1231 c1373 c115 c681 c881 c355 c341 c434 c972 c490 c1144 c423 c425 c116 c482 c794 c270 c832 c1440 c826 c1230 c1133 c663 c319
ChromeZv7
c1435 c994 c811 c912 c499 c644 c435 c868 c1392 c143 c1108 c213 c152 c1372 c228 c410 c1482 c1241 c685 c1136 c601 c1144 c249 c300 c119 c831 c124 c990 c1202 c279 c1216 c789 c135 c810 c722 c1060 c1009 c1440 c1437 c103 c195 c1425 c1468 c486 c1328 c532 c328 c576 c1305 c283
DrawingsLitev8
c480 c1114 c519 c377 c959 c1327 c1492 c5 c1351 c1005 c1032 c695 c51 c621 c1483 c567 c497 c970 c14 c488 c1468 c409 c1194 c300 c670 c1177 c631 c822 c1268 c553 c437 c1202 c666 c659 c834 c1256 c11 c1262 c1304 c229 c1439 c964 c445 c505 c1097 c1295 c487 c1288 c93 c354 c1373 c1030 c1441 c334
ResearchProv3
c337 c709 c249 c553 c842 c1493 c1142 c941 c602 c813 c1395 c1384 c334 c1490 c393 c251 c139 c1231 c119 c631 c1197 c200 c1184 c228 c1210 c1348 c166 c580 c1327 c1158 c406 c698 c1212 c898 c969 c1169 c1372 c746 c690 c324 c654 c1268 c1054 c832 c174 c1036 c932 c532 c18
FuchsiaSv8
c22 c874 c545 c1029 c735 c528 c232 c1338 c1327 c342 c811 c323 c1263 c1209 c687 c835 c229 c1216 c1141 c429 c820 c690 c930
YouTubeMaxv8
c1231 c695 c931 c586 c5 c128 c1340 c127 c232 c1388 c1247 c1152 c1314 c1257 c177 c418 c1484 c347 c1399 c306 c340 c278 c516 c1281 c100 c1030 c495 c893 c708 c484 c1335 c746 c184 c955 c1067 c727 c1489 c912 c606
WearOSMaxv1
c1009 c474 c889 c385 c1389 c1441 c919 c1170 c1360 c1067 c531 c307 c820 c177 c1334 c237 c559 c1278 c228 c1372 c795 c1287 c354 c334 c529 c139 c1233 c1453 c483 c1422 c132 c153 c100 c171 c1080 c1043 c786 c78 c175 c187 c293 c775 c1293 c1185 c741 c850 c479 c342 c278 c1022 c1197 c1468 c1363 c252 c574 c1328 c538 c287
ChromecastNextv2
c1380 c931 c810 c284 c481 c1279 c912 c316 c999 c686 c708 c584 c1022 c783 c1189 c1486 c113 c1224 c1333 c46 c719 c640 c1483 c932 c901 c727 c1119 c105 c1417 c409 c319 c1030 c1028 c361 c115 c1441 c695 c1295 c1009
ArtsZv2
c688 c93 c413 c44 c502 c1392 c1166 c1489 c733 c560 c848 c769 c354 c367 c9 c1484 c131 c1492 c1493 c488 c1454 c695 c1139 c1348 c577 c1495 c497 c342 c1091 c1453 c985 c1229 c1220 c998 c178 c630 c820 c1116 c87 c541 c1174 c233 c759 c1114 c1292 c637 c634 c1013 c816 c1156 c1093 c1351 c1302 c1030 c585 c752 c992 c1404
BloggerProv4
c539 c1036 c529 c1392 c101 c1493 c481 c1353 c82 c1074 c1039 c1338 c1230 c93 c528 c1273 c559 c1127 c474 c726 c811 c1231 c810 c1486 c1139 c1218 c215 c1263 c103 c674 c263 c1468 c1304 c1251 c1130 c277 c1331 c729 c261 c1037 c185 c168 c5 c503 c663 c355 c858 c670
PatentsLitev7
c940 c1392 c1 c1010 c1483 c723 c1030 c16 c488 c573 c78 c231 c727 c1139 c630 c284 c874 c840 c1302 c1087 c293 c829 c1250 c196 c600 c1339 c768 c672 c408 c1287 c900 c627 c781 c69 c1163 c192 c990 c493 c367 c418 c138 c11 c1079 c319 c541 c864 c351 c154
SearchLitev1
c1210 c1036 c1006 c658 c459 c1493 c958 c611 c1468 c78 c768 c1039 c1454 c1495 c93 c116 c127 c1482 c1030 c1281 c585 c1306 c645 c1478 c1293 c990 c514 c355 c1119 c1265 c338 c1024 c1304
StadiaProv2
c1061 c125 c1335 c479 c351 c773 c1447 c44 c1036 c1311 c319 c722 c994 c843 c294 c10 c905 c274 c347 c25 c577 c810 c725 c487 c388 c505 c1029 c480 c1200
FormsZv3
c1354 c588 c1230 c482 c480 c528 c1057 c328 c994 c559 c723 c392 c1437 c573 c67 c1039 c1238 c1097 c617 c1168 c1273 c1390 c811 c1335 c354 c640 c405 c1260 c490 c1492
BloggerNextv6
c67 c1116 c232 c678 c1098 c1257 c719 c916 c189 c307 c737 c957 c1304 c1168 c1445 c559 c192 c832 c893 c1169 c701 c158 c346 c1423 c695 c992 c567 c947 c499 c597 c1192
SitesProv9
c408 c1055 c746 c508 c1308 c1288 c1127 c613 c11 c1467 c1470 c559 c886 c1029 c920 c493 c793 c707 c1091 c423 c1079 c192 c791 c733 c978 c1174 c596 c964 c178 c959 c246 c926 c456 c905 c1186 c58 c1280 c1212 c418 c500 c630
StreamZv6
c577 c473 c1080 c189 c1285 c319 c500 c1276 c231 c1286 c215 c80 c365 c255 c869 c820 c1307 c399 c1339 c701 c753 c848 c432 c1267 c1099 c296 c67 c759 c648 c957 c916 c886 c128 c1243 c1304 c885 c246 c307 c977 c690 c1227 c1314 c1168 c142 c822 c1282 c541 c196 c487 c147 c84 c1171 c780 c1247
ScholarXv7
c1272 c1125 c342 c874 c589 c1286 c678 c1010 c202 c246 c521 c933 c1304 c359 c1271 c583 c910 c1269 c670 c1083 c573 c1280 c600 c977 c652 c11 c1208 c1348 c618 c455 c162 c125
FuchsiaLitev1
c659 c1 c498 c621 c640 c233 c1401 c428 c389 c876 c1454 c195 c1171 c905 c1087 c142 c1056 c1093 c491 c1229 c1483 c4 c1010 c1021 c282 c250 c189 c627 c951 c1256 c409 c371 c285 c1350 c559 c701 c655 c1307 c203
ChartsLitev5
c1302 c528 c428 c217 c920 c1012 c1415 c988 c509 c35 c446 c543 c319 c1174 c1052 c541 c1139 c32 c690 c1401 c1091 c859 c689 c116 c743 c65 c1154 c230 c22 c734 c418 c233 c1060 c998 c1304 c1399 c25 c448 c878 c1107 c437 c519 c1204 c900 c614 c618 c370 c885 c637 c1266
CastOSXv2
c1303 c169 c888 c1391 c53 c1489 c1139 c1467 c976 c273 c1462 c747 c634 c606 c654 c1297 c73 c1410 c1266 c1302 c515 c1080
ChromeProv4
c1101 c1136 c1174 c1012 c44 c561 c876 c1005 c1463 c231 c689 c528 c768 c829 c138 c171 c1329 c832 c992 c445 c11 c760 c1486 c577 c670 c1215 c116 c1 c1483 c808 c299 c1412 c654 c196 c723 c388 c82 c282 c128 c588 c119
BooksXv3
c171 c1297 c599 c35 c108 c583 c1356 c481 c399 c1348 c473 c543 c1408 c512 c289 c215 c1080 c1456 c479 c405
AndroidSv7
c1192 c648 c988 c703 c33 c723 c621 c1471 c637 c1268 c243 c127 c1486 c780 c69 c1410 c208 c812 c178 c1172 c508 c498 c239 c1492 c431
VoiceXv4
c1127 c983 c1454 c1032 c1376 c358 c519 c1314 c267 c211 c1247 c734 c1089 c1131 c184 c861 c289 c1495 c125 c1366 c1415 c43 c560 c905 c1467 c154 c1171 c1181 c630 c637 c395 c824 c623 c203 c910 c654 c284 c1098 c1450 c1356 c1154 c314 c999 c998 c1423
CurrentsXv7
c1042 c1209 c1062 c346 c533 c1059 c233 c26 c546 c1366 c85 c1392 c773 c1460 c679 c944 c1181 c781 c170 c1087 c454 c319 c1254 c155 c983 c1107 c208 c1091 c215 c1283 c1299 c1056 c803 c1304 c1139 c733 c406 c496 c688 c315 c760 c725 c467 c1038 c1048 c608 c1052 c108 c1220
CultureLitev7
c473 c747 c1412 c1462 c1392 c1399 c739 c771 c367 c419 c1243 c501 c1410 c1185 c888 c777 c1430 c997 c1078 c870 c81 c26 c110 c1071 c1321 c300 c1066
PhoneProv7
c69 c552 c863 c905 c289 c1350 c1413 c1415 c1397 c5 c1161 c1310 c367 c1365 c852 c613 c21 c142 c101 c717 c1166 c608 c605 c1254 c1058 c875 c1093 c285
NewsZv2
c150 c1093 c857 c624 c661 c1342 c87 c719 c643 c570 c208 c1402 c399 c384 c473 c947 c1251 c1432 c319 c1001 c543 c1439 c196 c1303 c886 c16 c92 c816 c1489 c1366 c875 c1176
DaydreamSv6
c340 c51 c967 c608 c122 c887 c1331 c1485 c319 c1067 c789 c1005 c1410 c239 c635 c1091 c1282 c261 c385 c155 c16 c488 c1117 c556 c780 c762 c501 c205 c142 c837 c690 c479 c1250 c1429 c1184 c899 c852 c450 c449 c418 c370 c1121 c271 c783 c863 c240 c1026 c170 c1447
VoiceUltrav2
c300 c875 c49 c85 c1184 c1202 c291 c67 c661 c418 c1160 c207 c360 c233 c222 c1258 c462 c553 c1062 c516 c614 c178 c1439 c1392 c1080 c1369 c1374 c427 c74 c747 c624 c640 c1093 c113 c319 c32 c87 c401 c613 c1231 c1032 c1268 c935 c4 c1026 c812 c1480 c1382 c755 c609
ReleaseMaxv8
c886 c858 c1004 c973 c804 c119 c214 c852 c936 c833 c1093 c976 c1331 c467 c1282 c1058 c1042 c935 c540 c768 c1185 c291 c1227 c1475 c650 c1161
SearchSv2
c1354 c255 c389 c1490 c110 c973 c197 c439 c540 c57 c663 c252 c69 c983 c1299 c423 c427 c208 c379 c368 c205 c214 c978 c170 c194 c116 c788 c43 c947 c32 c1233 c1415 c365 c237 c1325 c1094 c435 c79 c1089 c780 c690 c747 c58 c1334 c36 c601 c1341 c1093 c1386
ConnectNextv4
c1120 c733 c697 c947 c27 c570 c1080 c1227 c1093 c659 c1318 c863 c812 c369 c110 c488 c315 c1133 c692 c319 c1213 c1045 c1033 c471 c853 c796 c73 c899 c680 c34 c1001 c51 c1303 c1078 c214 c406 c273 c1490 c554 c237
AndroidTVSv9
c640 c991 c857 c1166 c1321 c722 c576 c29 c1331 c1080 c230 c656 c955 c1032 c467 c431 c605 c495 c1161 c1277 c613 c917 c1103
ScholarZv1
c171 c291 c315 c539 c877 c160 c1110 c57 c454 c1460 c1038 c1391 c643 c1266 c1035 c1439 c1071 c69 c816 c1093 c778 c1452 c1365 c921 c191 c810
GlassOSUltrav7
c1093 c943 c1167 c961 c379 c760 c1071 c131 c1267 c973 c1095 c224 c1266 c702 c579 c134 c701 c199 c1107 c170 c810 c1015 c180 c1454 c37 c516 c926 c28 c1040 c743 c695 c5 c423 c1385 c650 c420 c88 c978
ChromeSv2
c1280 c399 c81 c1217 c450 c261 c887 c360 c1056 c1146 c414 c1475 c123 c57 c577 c491 c1080 c1451 c51 c1015 c1176 c462 c695 c1489 c973 c650 c606 c340 c87 c507 c1315 c733 c370 c690 c318 c43 c816 c1274 c688 c1441 c160 c563 c1295 c170 c32 c1392 c116 c1166 c859 c367 c158 c1266
StreamXv2
c1397 c375 c73 c701 c936 c26 c125 c1325 c1254 c963 c319 c1445 c1409 c601 c640 c961 c1404 c656 c115 c967 c954 c180 c464 c43 c784 c1229 c21 c208 c140 c268 c624 c1058 c695 c550 c22 c1391 c471 c122 c4 c1348 c981 c543 c1213 c554 c632 c541 c406 c269 c336 c1231 c1110 c346 c840 c389 c493 c340 c733 c886 c1356
DaydreamZv6
c92 c887 c414 c830 c299 c999 c158 c1013 c1229 c863 c194 c1402 c1352 c175 c371 c1249 c43 c115 c458 c590 c840 c704 c389 c1486 c384 c701 c916 c692 c102 c814 c695 c947 c780 c35 c714 c205 c64 c1029 c1268 c1121 c600 c307 c1356 c22 c113 c1439 c1080 c575 c1392 c707 c546 c658 c1310 c1415 c1166 c30 c576
StreetViewLitev5
c556 c473 c840 c1407 c413 c11 c1130 c947 c315 c926 c181 c43 c1139 c1439 c502 c690 c1446 c945 c178 c199 c365 c754 c1303 c423 c843 c1392 c1352 c1131 c24 c1486 c1252 c773 c1374 c1295 c1069 c1059 c1330 c1093 c535 c1467 c655 c1049 c1356 c1033 c1192 c47 c133 c51 c1259 c64 c1038 c1322 c998
PhoneProv5
c1266 c1439 c1146 c987 c395 c142 c916 c304 c1280 c457 c967 c51 c191 c1014 c473 c1348 c1080 c628 c887 c665 c170 c947 c1130 c375 c552 c181 c237 c1475 c292 c169 c1335 c1274 c22 c255 c1295 c703 c814 c1283 c613 c1392 c1161 c222 c152 c398 c1005 c1107 c1192 c1449 c1069 c92 c859
DatasetSearchNextv3
c1448 c1161 c1252 c186 c372 c1446 c613 c697 c1356 c777 c951 c690 c415 c1039 c1403 c67 c63 c441 c850 c640 c1367 c203 c1489 c1467 c69 c771 c180 c1130 c1486 c1402 c1209 c963 c243 c110 c101
GameZv2
c1200 c67 c92 c367 c1029 c1069 c351 c111 c823 c1161 c1329 c696 c723 c1439 c733 c315 c203 c1486 c231 c213 c243 c943 c1402 c857 c1160 c395
StreamNextv8
c963 c507 c931 c877 c189 c502 c816 c613 c519 c1246 c353 c605 c727 c1459 c809 c1354 c875 c43 c1139 c102 c1249 c1103 c723 c234 c893 c255 c1229 c28 c401 c773 c398 c539 c125 c1492 c648 c92 c90 c550 c79 c403 c271 c171 c35 c1348 c1080 c1369
DocsZv8
c598 c445 c614 c153 c1071 c467 c1166 c1368 c789 c1246 c318 c727 c694 c535 c715 c1344 c1080 c858 c333 c62 c806 c1489 c319 c543 c1335 c1329 c1310 c519 c1033 c237
NewsZv4
c326 c764 c982 c704 c1039 c22 c58 c535 c826 c859 c1008 c578 c253 c1068 c94 c231 c889 c79 c616 c727 c51 c150 c1093 c1280 c319 c540 c640 c1467 c1056 c991 c1364 c875 c1014 c1441 c351 c921 c233 c967 c466 c1160 c318 c403 c830 c209 c1071 c1288 c802 c690 c452 c144
TranslateNextv9
c943 c1067 c171 c1459 c912 c1254 c199 c1487 c700 c449 c733 c1035 c271 c1283 c144 c186 c989 c294 c783 c1404 c1268 c1256 c1015 c488 c401 c845 c955 c738 c967
SearchNextv4
c1438 c51 c1229 c1368 c623 c57 c658 c314 c640 c1489 c1067 c723 c181 c1439 c516 c885 c650 c733 c762 c1013 c1429 c780 c1026 c152 c1404 c479 c613
MapsXv8
c722 c542 c650 c58 c434 c27 c207 c982 c1288 c1332 c1060 c326 c1455 c828 c600 c1409 c1444 c1386 c153 c167 c156 c509 c907 c866 c790 c457 c607
AndroidTVProv9
c851 c23 c663 c1067 c535 c939 c333 c1352 c319 c171 c64 c142 c1093 c964 c1237 c51 c1172 c347 c1071 c1249 c733 c1443 c727 c434 c650 c783 c1302 c484 c1268 c1329 c543 c826 c379 c1356 c28 c894 c541 c346 c1124 c342 c563 c579 c37
GmailZv1
c1064 c264 c27 c974 c1126 c30 c375 c514 c877 c1423 c1222 c304 c814 c1440 c1060 c1086 c1439 c23 c1078 c525 c658 c1265
WearOSProv5
c142 c1285 c247 c1022 c205 c1035 c1051 c361 c1354 c1355 c1126 c248 c994 c1351 c884 c600 c27 c828 c1029 c1404 c1191 c669 c930
MapsZv4
c890 c331 c1313 c1351 c305 c480 c794 c1419 c72 c1310 c186 c955 c886 c546 c926 c137 c61 c877 c1160 c1062 c776 c1481 c1086 c580 c1182 c351 c541 c514 c51 c524 c1374 c249 c1376 c648 c262 c1252 c1153 c306 c148
FinanceProv4
c926 c895 c142 c877 c1406 c1119 c344 c1252 c247 c1092 c814 c205 c47 c928 c904 c1385 c881 c642 c1398 c650 c285 c1132
OsXv9
c480 c180 c154 c1051 c1307 c1337 c1162 c223 c191 c890 c653 c930 c826 c248 c541 c1422 c85 c1356 c520 c1255 c1238 c983 c305 c1448 c1081 c428 c940 c622 c685 c669 c1090 c202 c1028 c37 c155 c1370 c1423 c206 c863 c247 c1280
DriveMaxv5
c541 c854 c520 c180 c167 c683 c331 c548 c191 c1007 c405 c435 c877 c304 c897 c1198 c1114 c1053 c94 c793 c1372 c11 c341 c604
ChatZv9
c1019 c673 c727 c78 c1343 c1257 c306 c1203 c926 c428 c989 c1359 c37 c228 c571 c733 c53 c1014 c305 c1165 c577 c138 c1071 c1450 c462 c172 c927 c870 c1481 c1177 c589 c64 c1363 c1104 c1401 c11 c167 c1492 c957
GroupsProv1
c1481 c890 c1398 c47 c949 c1019 c1187 c1098 c1002 c402 c1022 c795 c1419 c909 c1078 c1052 c942 c626 c143 c1486 c966 c459 c600 c737 c927 c247 c475 c553 c887 c1266 c1265 c1031 c1422 c441 c322 c882
FlightsUltrav5
c664 c865 c245 c541 c1262 c668 c957 c221 c806 c791 c1431 c142 c1370 c1372 c1256 c1055 c1400 c1280 c580 c1186 c381 c1177 c1328 c1481 c854 c49 c514 c663 c1119 c973 c403 c167 c154 c155 c543 c1365 c859
LoggingUltrav4
c748 c183 c675 c1326 c630 c994 c740 c1242 c407 c1070 c1029 c1404 c1352 c221 c1098 c37 c361 c470 c882 c826 c270 c1305 c634 c311 c538 c895 c388 c1448 c1057 c112 c1013 c847 c859 c803 c218 c148 c1307 c478 c1431
ShoppingUltrav6
c1116 c1153 c432 c1019 c461 c1052 c355 c441 c826 c114 c957 c1162 c259 c1186 c1161 c156 c1313 c538 c47 c1100 c1075 c762 c42 c1423 c1240 c539 c581 c791 c1040 c386 c379 c788 c439 c137 c1310 c78 c740 c1256 c859 c1016 c348 c308 c1323 c1157 c435
VideoProv1
c253 c42 c265 c66 c357 c1169 c1186 c310 c216 c884 c459 c1070 c1481 c1183 c1075 c703 c540 c1298 c791 c1418 c1381 c1404 c793 c71 c1365 c1100 c623 c558 c1431 c776
StreetViewZv4
c816 c23 c599 c1404 c468 c65 c78 c1362 c306 c453 c200 c1009 c198 c614 c413 c72 c893 c957 c966 c675 c274 c80 c909 c114 c49 c1191 c1425 c1007 c1265 c94 c234 c1303 c1429
FinanceNextv3
c1303 c773 c700 c1265 c511 c514 c783 c1114 c626 c223 c1067 c778 c1365 c1348 c734 c32 c1019 c304 c130 c784 c1193 c299 c70 c182 c865 c1013 c411 c1151 c859 c1488 c713 c898 c1401 c405 c469 c275 c72 c625 c1323 c22 c843 c260 c1366 c1116 c312
SitesProv2
c61 c407 c489 c1489 c793 c648 c554 c1492 c897 c388 c14 c266 c914 c6 c267 c986 c1252 c58 c469 c828 c632 c435 c1019 c442 c274 c658 c216 c1160 c1481 c865 c1078
CurrentsXv5
c371 c1022 c275 c1486 c634 c740 c344 c717 c553 c877 c379 c1210 c520 c435 c32 c462 c485 c901 c884 c882 c159 c31 c1014 c1143 c193 c147 c59 c279 c501 c1414 c762 c1357 c1112 c1429 c330
ChromeZv2
c1401 c1230 c1423 c1072 c325 c1055 c78 c1431 c729 c902 c161 c491 c348 c58 c667 c1400 c626 c869 c476 c837 c1073 c856 c922 c1301 c1325 c1153 c1120 c1296 c1052 c1046 c1343 c780 c442 c1224 c1324 c79 c357 c329 c770 c700 c1256 c317 c1009 c80 c1090 c133 c1138 c485 c61 c584 c26
FlightsProv7
c898 c892 c1066 c60 c1367 c634 c854 c1193 c642 c378 c72 c667 c87 c11 c503 c1368 c246 c206 c362 c1362 c436 c1414 c1072 c825 c761 c465 c1265 c59 c734 c485 c270 c308 c949
KeepLitev6
c257 c339 c1187 c1230 c1232 c740 c1029 c884 c275 c890 c630 c362 c1050 c46 c1003 c956 c1113 c463 c780 c859 c304 c1418 c99 c845 c435 c932 c1290 c1161 c1296 c1052 c965 c253 c902 c500
AlertsZv3
c957 c793 c425 c20 c1406 c681 c506 c72 c847 c897 c100 c809 c37 c476 c70 c750 c279 c1119 c770 c1226 c412 c761
FlightsXv2
c956 c1265 c1073 c1301 c1402 c588 c1272 c330 c661 c180 c816 c1129 c1143 c828 c365 c1280 c557 c211 c1296 c1175 c441 c921 c526 c352 c408 c520 c634 c854 c476 c709 c218 c1182 c1360 c1170 c642 c777 c1252 c1066 c37 c1049 c58 c901 c175 c1395 c410 c166 c1401 c1325 c1169 c1144 c376 c249 c1488 c1161 c350 c649 c1319
MoonMaxv6
c1388 c491 c348 c819 c930 c80 c940 c1230 c305 c312 c500 c1156 c826 c1143 c518 c78 c949 c441 c1381 c922 c1042 c220 c1050 c1420 c783 c615 c1046 c526 c356 c951 c978 c390 c36
PixelMaxv2
c275 c1044 c78 c355 c690 c437 c588 c23 c1257 c1252 c615 c642 c1337 c487 c1296 c1476 c709 c546 c358 c571 c65 c816 c884 c229 c589 c813 c1385 c914 c1003 c794 c58 c630 c72 c1143 c520 c156 c932 c1479 c1186 c223 c825 c1382 c1081
CastOSSv8
c311 c1431 c1252 c1132 c1226 c410 c50 c1147 c1151 c828 c1303 c801 c182 c1222 c679 c1143 c568 c766 c922 c350
SecureProv9
c79 c1283 c1001 c100 c476 c1339 c92 c410 c634 c137 c783 c365 c1367 c1096 c1280 c1422 c273 c1256 c1336 c1210 c1325
AssistantSv6
c1265 c681 c1391 c1130 c546 c264 c1257 c1161 c918 c1389 c278 c1269 c893 c761 c823 c33 c822 c950 c1328 c1296 c727 c737 c1182 c411 c156 c836 c971 c498 c1156 c265 c532 c42 c18 c701 c921 c172 c472 c886 c844 c436 c1052 c1103 c1398 c1067 c664
PhotoZv5
c1257 c1053 c1382 c1211 c1326 c1390 c620 c919 c1391 c1225 c770 c1170 c85 c1422 c67 c686 c221 c932 c398 c53 c1083 c58 c365 c145 c258 c918 c922 c1479 c526 c930
DataUltrav8
c1019 c1165 c1096 c632 c72 c149 c665 c949 c1488 c1144 c706 c1419 c793 c293 c1161 c200 c218 c411 c1055 c1057 c298 c219 c230 c1022 c1324 c1227 c111 c1030 c364 c1048
DataSv1
c323 c53 c832 c221 c1419 c425 c347 c826 c3 c403 c1157 c1161 c55 c225 c1449 c717 c11 c374 c963 c783 c990 c1232 c649 c1406 c223 c306 c295 c1090 c574 c1048 c1404 c787 c329 c579 c291 c465 c1468 c1325 c632 c1113 c660 c226 c1248 c270 c678
BooksLitev3
c1256 c1023 c856 c1281 c365 c226 c641 c133 c192 c615 c54 c892 c819 c413 c425 c219 c1390 c1143 c166 c878 c306 c311 c613 c1169 c1129 c1465 c1121 c1494 c198 c470 c260 c11 c526 c1090 c624 c1339 c1156 c501 c683 c1450 c1159 c26 c3 c323 c257 c1489
OsProv6
c1401 c425 c227 c561 c1488 c132 c1156 c97 c377 c302 c1207 c323 c1116 c1454 c118 c248 c308 c105 c221 c1011 c664 c832 c546 c1361 c1363 c574 c922 c1090 c273 c416 c847 c1343 c67 c949 c816 c826 c763 c501 c1274 c1161 c978 c62 c133 c1076 c95 c1375 c357 c910 c1499 c915 c476 c849 c1196 c1336 c1236 c1450 c484
ExploreZv2
c1449 c1177 c183 c408 c388 c701 c727 c1230 c417 c436 c331 c306 c1265 c636 c1109 c1266 c812 c1454 c363 c564 c1066 c1127 c837 c1138 c770 c819 c1100 c466 c784 c298 c378 c1076 c682 c1468 c1444 c923 c1238 c1467 c373 c242 c31 c425 c205 c1165 c1022 c1175 c1215 c310 c223 c32 c634 c78 c971 c58 c1418 c1371 c860
SitesUltrav3
c1303 c1127 c855 c99 c134 c936 c1076 c664 c97 c990 c146 c264 c481 c849 c211 c757 c398 c1355 c793 c356 c550 c762 c548 c11 c1216 c432 c1221 c480 c519 c1260 c58 c724 c1225 c42 c224 c642 c1134 c1414 c1400 c1177 c829 c1118 c433 c910 c183 c443 c245
StreamUltrav2
c48 c66 c1389 c1264 c72 c331 c1191 c1116 c146 c1221 c1356 c1375 c1175 c893 c501 c277 c465 c1379 c468 c1006 c1404 c1049 c1055 c671 c664 c924 c245 c751 c1236 c221 c636 c962 c713 c1169 c90 c539 c1467 c742 c1165 c255 c481 c53 c633 c641 c721 c1290
VideoUltrav2
c1068 c1052 c353 c1134 c295 c485 c520 c111 c1404 c1144 c829 c1180 c412 c1046 c706 c439 c1343 c902 c365 c279 c1118 c575 c1363 c1157 c359 c87 c662 c454 c1019 c922 c486 c1091 c1290 c434 c779 c373 c54 c649 c1499 c1050 c1301 c1067 c283 c692 c1090 c32 c1066 c1159 c958 c577 c579 c1436
MapsUltrav8
c374 c530 c1343 c878 c1113 c465 c59 c846 c296 c518 c1480 c241 c306 c1031 c957 c1169 c118 c1431 c330 c1348 c1177 c1109 c949 c716 c435 c384 c526 c371 c1202 c255 c1080 c1119 c1326 c231 c356 c1019 c164 c86 c455 c304 c439 c1156 c1134 c151 c1179 c1260 c1265 c1481 c1423 c417 c968 c647 c1090 c966
DreamXv8
c1108 c885 c550 c1423 c844 c949 c924 c1406 c75 c408 c1196 c869 c579 c205 c1284 c902 c258 c78 c564 c784 c673 c1121 c31 c584 c86 c957 c415 c106 c1016 c890 c253 c132 c306 c795 c1367 c480 c1019 c32 c836 c799 c1195 c932 c893 c642 c506 c554 c47 c1421 c1368 c1137
AndroidAutoUltrav1
c825 c929 c577 c1361 c793 c525 c151 c1156 c71 c86 c1037 c1161 c1146 c1116 c435 c1165 c1383 c1100 c1423 c724 c678 c777 c554 c330 c985 c476 c1271 c168 c642 c682 c950 c337 c662 c228 c893 c788 c1067
ChatLitev7
c352 c176 c1076 c329 c1055 c1411 c1018 c599 c3 c1401 c86 c1207 c1438 c1325 c546 c292 c439 c1303 c337 c95 c1190 c1096 c654 c819 c825 c1159 c1416 c612 c1083 c146 c168 c1389 c1011 c750 c584 c1177 c868 c683 c275 c461 c279 c950 c1265 c1252 c740 c1211 c335 c1379 c1315 c619 c829
SecureLitev1
c29 c721 c1269 c656 c1264 c632 c165 c209 c1172 c826 c624 c1146 c47 c960 c443 c452 c1224 c1253 c569 c72
CurrentsLitev2
c949 c883 c923 c1172 c168 c394 c253 c278 c692 c436 c1126 c384 c266 c486 c454 c671 c306 c1291 c1138 c1116 c1265 c1385 c1092 c1180 c1276 c681 c1018 c1006 c1488 c77 c38 c45 c571 c186 c652 c897
FinanceSv2
c784 c1385 c949 c569 c1019 c1005 c1113 c1156 c1202 c223 c632 c72 c1398 c1257 c123 c1319 c1252 c284 c1383 c1343 c985 c357 c1264 c332 c416 c3 c47 c826 c311 c1216 c428 c871 c29 c624 c951 c1094 c852 c455 c1177 c364 c588
ChromecastSv2
c276 c29 c949 c357 c579 c66 c845 c145 c1389 c812 c564 c1266 c1265 c623 c72 c268 c712 c375 c20 c1191 c1173 c1473 c223 c1065 c1371 c847 c966 c1241 c788 c841 c1489 c452 c571 c681 c1385 c993 c546 c253 c495 c971 c1411 c950 c9 c259 c565 c821 c615 c656 c692 c999 c1072
ImagesSv4
c538 c39 c325 c673 c1385 c1188 c148 c1161 c1018 c368 c1086 c1019 c829 c470 c1254 c893 c92 c283 c1069 c645 c145 c317 c1211 c1143 c826 c271 c183 c6 c548 c683 c1072 c20 c1066 c1401 c101 c50 c622 c1073 c477 c915 c1253 c1326 c831 c1196 c1472 c1276 c669 c7 c793 c428 c823 c47 c165
AndroidTVMaxv4
c175 c347 c923 c1341 c1468 c426 c1252 c546 c1349 c822 c1421 c1136 c727 c1400 c949 c612 c571 c292 c257 c979 c1271 c950 c50 c47 c860 c270 c137 c378 c1236 c120 c1232 c1161 c1473 c766 c1157 c964 c375 c598 c966 c1119 c759 c1257 c645 c1023 c1265 c1461 c90 c229 c1041 c631 c183 c1149 c325 c14 c223 c253 c903 c634 c1072
DreamUltrav9
c979 c1046 c1252 c550 c622 c42 c454 c233 c652 c278 c328 c329 c221 c1371 c162 c455 c922 c530 c1468 c744
PhotoProv2
c871 c1190 c1421 c368 c1081 c861 c799 c1041 c1177 c759 c803 c1172 c77 c120 c460 c258 c604 c465 c579 c1330 c188 c645 c698 c166 c1428 c182 c1252 c1223 c727
ShoppingNextv6
c1371 c610 c1217 c427 c248 c1272 c329 c1401 c803 c1421 c845 c47 c649 c1085 c50 c1057 c13 c860 c1177 c1252 c1130 c1172 c503 c0 c32
LoggingUltrav9
c386 c332 c1461 c588 c146 c727 c47 c868 c1385 c164 c1252 c1416 c929 c253 c986 c1126 c57 c1067 c1389 c249
ShoppingUltrav8
c881 c249 c744 c193 c154 c1085 c55 c1254 c818 c229 c908 c1098 c306 c1251 c1488 c221 c248 c1009 c323 c1155 c1401 c1326 c32 c449 c614 c1317
DuoMaxv4
c1275 c772 c241 c852 c957 c1394 c1498 c1456 c104 c323 c946 c459 c803 c633 c285 c1441 c513 c1041 c539 c705 c315 c1469 c834 c292 c1421 c482 c217 c191 c151 c29 c1147 c517 c1064 c1252 c171 c132 c434 c860 c366 c415
ReleaseZv9
c1190 c525 c303 c730 c1015 c1003 c698 c962 c793 c1208 c1173 c1141 c994 c320 c1131 c996 c145 c1186 c1160 c1184 c1421 c332 c817 c603 c931 c300 c919 c837 c168 c878 c1316 c184 c728 c417 c48 c1063 c1074 c556 c1041 c1385 c1163 c539 c1366 c1177 c766 c1112 c1263 c995 c764
PhotoNextv6
c564 c1007 c1489 c892 c1251 c382 c300 c264 c1421 c697 c1385 c862 c168 c896 c365 c769 c855 c292 c1079 c807 c1406
PhotoLitev1
c817 c105 c1177 c472 c36 c671 c230 c1136 c871 c1019 c824 c841 c1023 c145 c375 c899 c459 c1490 c991 c1219 c760
FormsNextv1
c135 c703 c957 c781 c1385 c110 c950 c56 c202 c959 c1270 c994 c532 c1288 c821 c1394 c855 c605 c149 c415 c765 c207
GroupsUltrav2
c281 c680 c803 c650 c1249 c1301 c413 c558 c328 c544 c66 c1104 c154 c857 c539 c364 c925 c784 c422 c855
MapsSv2
c758 c1099 c414 c240 c1470 c949 c1443 c1326 c1023 c962 c782 c1489 c327 c98 c781 c842 c154 c153 c50 c1471 c839 c595 c1252 c459 c225 c41 c401 c950 c665 c182 c1421 c444 c74 c1224 c1265
DuoZv7
c1041 c446 c104 c460 c472 c1095 c258 c1387 c1019 c1421 c814 c510 c1377 c834 c879 c1165 c742 c715 c1289 c302 c1105 c1204 c28 c744 c537 c1171 c130 c1264 c1265 c1252 c1326
ImagesZv5
c1243 c1218 c536 c1397 c571 c353 c821 c539 c1491 c1002 c292 c68 c784 c1177 c1075 c738 c1421 c1041 c949 c1123 c989 c343 c29 c154 c377 c1126 c423 c1376 c204 c1019 c530 c672 c803 c486 c302 c1325 c1252 c207 c249 c1316 c689 c410 c1245 c714 c1468 c151 c230 c157 c999 c450 c1284 c130 c834 c1398 c164
OsZv8
c1065 c530 c974 c994 c1019 c460 c395 c560 c1272 c549 c999 c249 c1186 c1316 c1037 c364 c1468 c533 c677 c478 c1094 c891 c1023 c821 c805 c120 c984 c391 c671 c568 c1369 c224 c1478 c1299 c1401 c904 c975 c593 c184 c329 c1340 c1438 c982 c388 c540 c793 c104 c1165 c879 c510 c803 c968 c1283 c899 c132 c47
LoggingProv9
c451 c899 c841 c1126 c64 c871 c530 c1255 c264 c834 c230 c434 c1403 c1186 c506 c957 c821 c258 c408 c390 c1355 c803 c1376 c472 c671 c320 c814 c1421 c1438 c285 c332 c779 c949 c1052 c1445 c1177 c1398 c182 c1472 c1387 c680 c917 c241 c1326 c1495 c171
FlightsSv2
c329 c1427 c1028 c264 c949 c320 c410 c444 c962 c48 c784 c800 c625 c590 c841 c104 c679 c301 c602 c145 c332 c439 c994 c1441 c855 c742 c1275 c919 c593 c1398 c136 c513 c1423 c1421 c643 c1325 c408 c300 c1115 c1412 c1063 c404 c285 c330 c1385 c860 c1164 c1096
DaydreamUltrav1
c168 c530 c504 c408 c1063 c571 c1251 c377 c392 c742 c343 c364 c539 c292 c860 c1421 c1263 c781 c285 c851 c1140 c486 c534 c1433 c19 c145 c676 c422 c52 c797 c1252 c699 c1401 c57 c841 c300 c1033 c1316 c1190 c47 c338 c1301 c388 c130 c332
GameSv2
c1318 c949 c1385 c267 c459 c821 c1376 c29 c784 c1206 c1495 c833 c544 c697 c1122 c486 c871 c715 c136 c793 c1063 c247 c646 c1096 c145 c772 c1405 c1398 c1149 c1092 c682 c834 c1316 c47
PatentsZv3
c29 c1177 c607 c422 c849 c602 c1401 c530 c1214 c315 c845 c39 c1206 c241 c1289 c1326 c1296 c1150 c871 c168 c132 c323 c949 c475 c532 c823 c258 c1418 c1190 c605 c1000 c715 c793 c300 c831 c1441 c1468 c310 c285 c781 c1211 c472 c145 c47
MarsProv2
c1346 c460 c486 c671 c885 c1255 c594 c230 c132 c986 c295 c47 c1478 c1421 c1149 c19 c41 c444 c962 c527 c1441 c332 c377 c154 c285 c1252 c249 c364 c434 c1177 c1265 c899 c837 c1468
YouTubeXv1
c959 c1041 c1454 c37 c565 c249 c472 c671 c823 c364 c698 c860 c1247 c1015 c1301 c375 c530 c104 c174 c1468 c141 c919 c168 c852 c827 c498 c1265 c1378 c845 c1407 c258 c1489 c1163 c422 c834 c742 c1275 c408 c332 c781
FlightsNextv3
c302 c375 c1265 c1357 c130 c1346 c33 c899 c1411 c1186 c671 c1451 c1092 c715 c1252 c539 c386 c1326 c444 c908 c328 c855 c159 c1015 c1263 c1421 c422 c1007 c757 c1089 c173 c837 c295 c1275 c19 c1052 c1077 c834 c527 c845 c388 c1164 c498 c1355 c329 c730 c415 c1190 c265 c1233 c196 c105 c772
DatasetSearchZv7
c1324 c241 c1421 c230 c961 c329 c845 c1263 c1265 c942 c292 c799 c899 c1325 c530 c1172 c105 c1186 c396 c871 c1023 c1096 c595 c730 c498 c459 c671 c1236 c315 c1377 c326 c1043 c1008 c1007 c1165 c1345 c29 c353 c1207 c1423 c258 c593 c975 c1326 c86 c1251 c591 c1438
GlassOSZv7
c130 c439 c459 c285 c793 c1277 c841 c1263 c495 c578 c730 c1296 c860 c1007 c19 c821 c845 c628 c1320 c757 c1273 c781 c1438 c282 c1421 c1015 c1236 c154 c571 c1190
VoiceNextv7
c228 c1237 c121 c154 c1160 c1205 c264 c133 c1041 c76 c498 c803 c826 c444 c9 c662 c1495 c949 c393 c855 c1179 c1108 c705 c1031 c292 c1296 c530 c50 c1245 c1417 c415 c715 c654 c835
PhotoSv9
c50 c545 c772 c375 c1322 c841 c472 c1019 c424 c1495 c230 c845 c1288 c571 c447 c364 c104 c715 c757 c182 c1441 c1252 c604 c1418 c422 c655 c561 c1007 c544 c1172 c1376 c168 c532 c510 c994 c693 c171 c1211 c444 c1301 c332 c1423 c1103 c495 c14 c1165 c1325 c1413 c751 c330 c328 c742 c852
ChromecastZv5
c327 c1015 c1172 c604 c925 c269 c1411 c1398 c1325 c1186 c1063 c821 c705 c375 c329 c814 c1190 c41 c1213 c1041 c241 c1489 c571 c432 c422 c0 c919 c1324 c1401 c1052 c837 c408 c268 c322 c133 c145 c1403 c330 c68 c841 c1301
FuchsiaZv7
c86 c133 c757 c336 c1160 c168 c143 c1265 c378 c885 c47 c823 c59 c241 c332 c855 c444 c593 c0 c571 c1190 c315 c530 c228 c264 c1154 c422 c1441 c1177 c686 c19 c127 c1234 c604 c993 c962 c9 c1398 c1252 c665 c834 c1423 c1385 c938 c410 c1326 c1401 c806 c671 c925 c814 c781 c375 c841 c300 c730 c166
PatentsProv3
c1007 c104 c1126 c638 c332 c1301 c784 c856 c1092 c1160 c725 c176 c603 c823 c957 c1149 c145 c434 c228 c1186 c330 c665 c249 c300 c1211 c925 c472 c814 c1063 c1487 c1019 c454 c377 c154 c915 c1275 c564 c47
DriveNextv5
c0 c410 c949 c593 c1218 c1349 c821 c292 c1236 c132 c105 c994 c130 c883 c1394 c539 c803 c885 c171 c1172 c235 c715 c1473 c1096 c460 c931 c328 c564 c68 c679 c495 c781 c571 c1385
ChromeUltrav3
c377 c68 c268 c1172 c464 c952 c145 c793 c1052 c994 c1441 c772 c495 c185 c1208 c230 c1325 c511 c454 c544 c1495
ResearchLitev3
c472 c439 c1288 c907 c19 c679 c846 c1003 c228 c571 c302 c564 c1421 c654 c962 c1292 c154 c949 c1469 c1418 c530 c1177 c736 c1263 c68 c148 c815 c1411 c444 c328 c1149 c925 c1041 c168 c1007 c457
SlidesZv6
c1195 c378 c166 c472 c686 c268 c1411 c1265 c793 c1441 c398 c798 c388 c278 c1007 c132 c692 c1126 c88 c302 c292 c230 c975 c460 c1421 c751 c329 c925 c1394 c1469 c112 c962 c1015 c871 c1438 c1108 c1101 c1401 c171 c742 c50
CalendarMaxv7
c1077 c1301 c765 c1195 c1190 c1349 c377 c29 c730 c410 c378 c962 c957 c1275 c285 c742 c1126 c654 c686 c1096 c781 c1252 c101 c871 c1423 c564 c68
FinanceLitev1
c14 c1279 c315 c781 c439 c268 c871 c1438 c939 c561 c104 c99 c1275 c845 c434 c1015 c378 c1251 c881 c130 c1421 c1469 c1236 c292 c249 c460 c1376 c29 c793 c975 c495 c300 c18 c698
FormsNextv5
c14 c1172 c957 c803 c949 c1411 c398 c1131 c871 c1326 c1489 c1265 c925 c365 c154 c784 c264 c207 c892 c9 c1401 c730 c1186 c415 c434 c422 c329 c1438 c182 c1052 c1296 c712 c846 c460 c1135 c1383 c56 c1469 c171 c1195 c698 c1023 c692 c0 c931 c742 c1019 c68 c486 c19 c1015 c410 c1251 c472 c781
MapsLitev1
c1252 c593 c1411 c498 c68 c300 c1385 c1069 c544 c1165 c366 c871 c1326 c29 c315 c785 c329 c834 c356 c104 c1421 c571 c1288
SitesXv7
c1469 c949 c104 c1495 c837 c793 c1092 c264 c860 c1275 c1376 c145 c845 c767 c1288 c472 c59 c434 c365 c686 c415 c1251 c1172 c1441
ChromeOSMaxv2
c1324 c356 c1211 c1383 c949 c1003 c459 c1014 c19 c821 c1131 c353 c264 c1418 c1126 c439 c207 c104 c692 c268 c1468 c1096 c1149 c571 c59 c1472 c0 c1401 c1186 c1421 c781 c230
LearnProv6
c1401 c871 c353 c561 c0 c1186 c132 c1218 c730 c1296 c975 c757 c230 c290 c1394 c1003 c1325 c919 c498 c68 c1421 c1131 c662 c1472 c1041 c359 c1301 c300 c679 c1418 c364 c422 c1007 c57 c845 c1349 c387 c29 c1252 c1245 c544 c742 c83 c1495 c571 c814 c59 c415 c1398 c1469
NewsXv4
c814 c1172 c821 c1177 c1019 c1385 c671 c1208 c1126 c772 c999 c899 c975 c1195 c784 c29 c1394 c1063 c654 c892 c446 c1265 c1263 c454 c1186 c1441 c422 c329 c1421 c444 c845 c742 c434 c50 c1236 c793 c1015 c564 c1123 c781
StorageUltrav2
c1245 c1140 c268 c954 c925 c323 c332 c1108 c330 c104 c852 c365 c604 c1288 c258 c715 c145 c1401 c278 c294 c855 c919 c1423 c1195 c928 c1052 c1069 c228 c132 c686 c201 c1236 c821 c1126 c757 c329 c1411 c1252 c374 c793
SkyNextv7
c434 c532 c356 c561 c781 c145 c332 c1186 c1438 c1468 c70 c1398 c300 c1069 c852 c9 c166 c885 c892 c1160 c154 c845 c59 c1245 c1023 c444 c1218 c1316 c1019 c1211 c1252 c375 c19 c353 c730 c1275 c439 c329 c323 c1003 c422
AndroidSv3
c1186 c0 c459 c766 c837 c353 c698 c757 c1023 c171 c899 c323 c1423 c14 c742 c375 c434 c1355 c604 c1326 c999 c168 c1265 c1140 c571 c814 c1418 c388 c662 c207 c415 c1251 c68 c365 c530 c1069 c439 c1007 c228 c1218 c1190 c715 c132 c329 c1135 c332 c952 c1052
TranslateProv2
c1252 c388 c949 c1086 c1172 c1401 c931 c1177 c228 c1355 c878 c1325 c1108 c852 c59 c454 c662 c101 c1398 c166 c689 c105 c1469 c1275 c1023 c1063 c784 c1495 c1195 c1054 c230 c249 c1160 c957 c593 c472 c549 c1019 c1041
DatabaseUltrav7
c784 c654 c408 c1173 c742 c1301 c1418 c315 c539 c168 c1326 c1126 c329 c994 c823 c705 c1252 c486 c434 c410 c472 c1438 c228 c132 c1296 c1218 c460 c1025 c633 c698 c105 c1251 c1376 c1177 c1149 c845 c145 c772 c1417 c878 c68 c1086 c1069 c1236 c328 c899 c1165 c860 c444 c50 c564 c1023 c596 c1383 c530 c1489
SkyXv9
c1195 c1208 c871 c803 c745 c845 c1063 c154 c1441 c1190 c1252 c184 c356 c1019 c1172 c855 c1003 c68 c145 c1131 c999 c994 c398 c919 c781 c1236 c742 c1468 c166 c258 c335 c593 c1165 c665 c9 c841 c1301 c705 c50 c230 c1211 c766 c1245 c698 c975 c459 c784 c264 c965 c329
TravelProv9
c1349 c1131 c14 c230 c439 c539 c757 c1401 c949 c999 c182 c329 c365 c422 c444 c564 c278 c1126 c1041 c814
PatentsLitev8
c408 c1086 c715 c18 c182 c871 c228 c1007 c1324 c705 c826 c422 c323 c472 c133 c1394 c249 c1342 c1245 c814 c105 c101 c1023 c949 c841 c679 c571 c1069 c1108 c459 c1173 c821 c994 c1131 c454 c410 c217 c1263 c852 c1252 c1126 c285 c689 c1316 c793 c860 c1275 c1421 c356
AndroidLitev9
c564 c300 c1324 c885 c1469 c459 c671 c1092 c931 c105 c571 c1468 c1173 c1218 c1208 c1275 c633 c1251 c145 c686 c1041 c999 c1086 c1288 c422 c29 c1349
ClassroomProv4
c1063 c1421 c345 c885 c803 c145 c1469 c974 c1131 c1218 c1438 c994 c892 c132 c845 c140 c679 c654 c899 c931 c68 c444 c1383 c826 c249 c365 c564 c1015 c57 c19 c182 c1401 c1252 c837 c1461 c59 c264 c957 c130
ChromeLitev7
c991 c1195 c285 c330 c654 c757 c1421 c459 c949 c919 c814 c871 c1324 c356 c329 c101 c99 c105 c633 c0 c841 c9 c965 c1177 c1326 c1015 c852 c742 c1394 c300 c495 c422 c1041 c823 c899 c50 c14 c168 c1401 c1252 c258 c564 c837 c730 c698 c315 c855 c1126 c328 c782 c1236 c207 c957 c68 c1155
SlidesMaxv8
c742 c925 c14 c841 c1373 c1489 c532 c18 c47 c671 c1401 c757 c564 c0 c837 c207 c154 c698 c1275 c1149 c1265 c604 c278 c899 c1383 c495 c965 c9 c855 c904 c377 c230 c145 c29 c715 c610 c1165 c772 c878 c1015 c241 c1155 c1263
CalendarProv8
c1211 c994 c356 c1489 c826 c1096 c498 c1003 c1160 c957 c292 c29 c1376 c300 c258 c1041 c1052 c1069 c757 c539 c834
