56
DocsUltrav2
BakhodirB NellyM ClementA NellyW PrzemekM PrabhakarM RuthL HiroshiK
MoonXv3
SergeyY PetarM
BloggerProv9
BenjaminK
DatasetSearchLitev6
PrzemekP MaxA LarryU SusanG TatiyanaC SundarI PhilippK PetarN HiroshiM
VoiceZv6
HiroshiQ MichalS
FeedBurnerLitev8
SundarX BenjaminL PrabhakarE
StreetViewXv9
ThomasN StefanX SusanI ThomasU NellyI
AndroidAutoZv1
PetarV SundarJ
ScholarZv1
NellyR MichalQ PrzemekP LarryU
StreetViewMaxv8
PetarA
FinanceXv5
ClementV
CollectionsProv5
JenJ SundarD PetarZ
LoggingXv4
SergeyJ MaxP MaxK
CalendarLitev5
BenjaminS HiroshiH PrabhakarB BenjaminI
ChatLitev6
NellyV StepanA NellyD FionaW HiroshiN StefanH BenjaminK PrabhakarB PetarJ ThomasF StepanK FionaR
NewsMaxv1
PetarG
CurrentsProv7
SusanT
DataSv9
PrzemekG FionaX MaxF MaxA PrabhakarA SundarX JenP TatiyanaG RuthD MaxW
SearchUltrav8
SergeyG PhilippI MichalS
ClassroomXv9
TatiyanaL StepanK
BuildProv1
PrabhakarX
StreetViewXv2
RuthW PrzemekF HiroshiS
SheetsZv4
FionaX SergeyR
MapsNextv5
PrzemekR FionaZ
GroupsZv8
BakhodirL PetarI TatiyanaC MichalV BenjaminK
LearnProv8
JenI
AssistantMaxv9
ThomasQ
PixelProv1
ThomasK
NewsXv5
SergeyF PrzemekH
AndroidTVLitev7
RuthW SergeyT JenE TatiyanaZ PhilippM NellyM SusanO PrzemekM StefanA
TravelProv6
MaxW
CodeZv4
NellyR BenjaminR
CurrentsProv2
StepanJ
CastOSSv6
MichalM HiroshiI JenJ
ConnectXv3
StefanG
KeepXv1
PrabhakarA
SkyProv4
BakhodirC ThomasQ
SkyZv5
SundarM
FinanceMaxv7
MaxY StepanU SundarJ ThomasT SusanT
CurrentsXv1
MaxP
KeepNextv4
SergeyR
ChromeLitev4
LarryU MichalY PrabhakarA
FuchsiaProv7
LarryU FionaW ClementA
PatentsMaxv2
MatasI NellyU StepanO MatasZ HiroshiH RuthJ MichalV PrzemekT BenjaminK FionaR
DataNextv9
ClementO SergeyR HiroshiI JenE PrzemekM FionaZ JenF StepanK PrzemekH BenjaminR LarryZ TatiyanaI NellyU NellyB PrzemekW HiroshiD PetarV BenjaminY SergeyQ SergeyK JenY MaxF PhilippC SundarE ThomasI
TravelUltrav3
PetarR JenE
CollectionsUltrav9
NellyT BenjaminO
FormsUltrav3
ThomasL ThomasK HiroshiI NellyU MaxS PetarN TatiyanaA StepanO
ScholarXv6
SundarD NellyT PrabhakarC PhilippL SusanL SundarA FionaX HiroshiK MatasK PrzemekT JenR TatiyanaP
ChartsMaxv5
FionaU TatiyanaQ MichalY SusanK PetarO
SantaTrackerProv9
ThomasR
DaydreamMaxv4
ThomasQ
MoonUltrav4
LarryN
ReleaseLitev7
ClementC SergeyW FionaV FionaX
MarsUltrav4
PhilippY NellyB PetarG BenjaminY TatiyanaT TatiyanaC NellyO MichalQ PhilippE TatiyanaL ThomasB SusanD SusanC BakhodirB PetarA ClementX RuthP
ClassroomSv2
RuthX
